Using pre-set license
Built from '2021.1/staging' branch; Version is '2021.1.5f1 (3737af19df53) revision 3618735'; Using compiler version '192528614'; Build Type 'Release'
OS: 'Windows 10 Pro; OS build 19042.928; Version 2009; 64bit' Language: 'ru' Physical Memory: 16303 MB
BatchMode: 1, IsHumanControllingUs: 0, StartBugReporterOnCrash: 0, Is64bit: 1, IsPro: 0

 COMMAND LINE ARGUMENTS:
C:\Program Files\Unity\Hub\Editor\2021.1.5f1\Editor\Unity.exe
-adb2
-batchMode
-noUpm
-name
AssetImportWorker0
-projectPath
D:/Unity/vr_neurotech_unity_game
-logFile
Logs/AssetImportWorker0.log
-srvPort
55619
Successfully changed project path to: D:/Unity/vr_neurotech_unity_game
D:/Unity/vr_neurotech_unity_game
Using Asset Import Pipeline V2.
Refreshing native plugins compatible for Editor in 102.26 ms, found 1 plugins.
Preloading 0 native plugins for Editor in 0.00 ms.
Initialize engine version: 2021.1.5f1 (3737af19df53)
[Subsystems] Discovering subsystems at path C:/Program Files/Unity/Hub/Editor/2021.1.5f1/Editor/Data/Resources/UnitySubsystems
[Subsystems] Discovering subsystems at path D:/Unity/vr_neurotech_unity_game/Assets
GfxDevice: creating device client; threaded=0; jobified=0
Direct3D:
    Version:  Direct3D 11.0 [level 11.1]
    Renderer: NVIDIA GeForce RTX 2060 (ID=0x1f11)
    Vendor:   NVIDIA
    VRAM:     5980 MB
    Driver:   26.21.14.4223
Initialize mono
Mono path[0] = 'C:/Program Files/Unity/Hub/Editor/2021.1.5f1/Editor/Data/Managed'
Mono path[1] = 'C:/Program Files/Unity/Hub/Editor/2021.1.5f1/Editor/Data/MonoBleedingEdge/lib/mono/unityjit'
Mono config path = 'C:/Program Files/Unity/Hub/Editor/2021.1.5f1/Editor/Data/MonoBleedingEdge/etc'
Using monoOptions --debugger-agent=transport=dt_socket,embedding=1,server=y,suspend=n,address=127.0.0.1:56004
Begin MonoManager ReloadAssembly
Registering precompiled unity dll's ...
Register platform support module: C:/Program Files/Unity/Hub/Editor/2021.1.5f1/Editor/Data/PlaybackEngines/WindowsStandaloneSupport/UnityEditor.WindowsStandalone.Extensions.dll
Registered in 0.001826 seconds.
Native extension for WindowsStandalone target not found
Refreshing native plugins compatible for Editor in 99.99 ms, found 1 plugins.
Preloading 0 native plugins for Editor in 0.00 ms.
Mono: successfully reloaded assembly
- Completed reload, in  1.189 seconds
Platform modules already initialized, skipping
Registering precompiled user dll's ...
Registered in 0.002157 seconds.
Begin MonoManager ReloadAssembly
Native extension for WindowsStandalone target not found
Refreshing native plugins compatible for Editor in 97.41 ms, found 1 plugins.
Preloading 0 native plugins for Editor in 0.00 ms.
Mono: successfully reloaded assembly
- Completed reload, in  1.046 seconds
Platform modules already initialized, skipping
========================================================================
Worker process is ready to serve import requests
Shader 'Universal Render Pipeline/Particles/Lit': fallback shader 'Universal Render Pipeline/Particles/SimpleLit' not found
Shader 'Universal Render Pipeline/Particles/Lit': fallback shader 'Universal Render Pipeline/Particles/SimpleLit' not found
Launched and connected shader compiler UnityShaderCompiler.exe after 0.05 seconds
Refreshing native plugins compatible for Editor in 0.60 ms, found 1 plugins.
Preloading 0 native plugins for Editor in 0.00 ms.
Unloading 3990 Unused Serialized files (Serialized files now loaded: 0)
System memory in use before: 157.4 MB.
System memory in use after: 154.6 MB.

Unloading 49 unused Assets to reduce memory usage. Loaded Objects now: 4411.
Total: 3.322800 ms (FindLiveObjects: 0.305500 ms CreateObjectMapping: 0.190200 ms MarkObjects: 1.832300 ms  DeleteObjects: 0.994000 ms)

========================================================================
Received Import Request.
  path: Assets/box_material.mat
  artifactKey: Guid(381ebf5d39d604f2cae5f28eafe258c4) Importer(815301076,1909f56bfc062723c751e8b465ee728b)
Start importing Assets/box_material.mat using Guid(381ebf5d39d604f2cae5f28eafe258c4) Importer(815301076,1909f56bfc062723c751e8b465ee728b)  -> (artifact id: '38cc16d4b010767b329c620ba4ed7e09') in 0.231106 seconds 
========================================================================
Received Import Request.
  Time since last request: 0.000326 seconds.
  path: Assets/fireball_material.mat
  artifactKey: Guid(542e4493bdc17411793414684da207ff) Importer(815301076,1909f56bfc062723c751e8b465ee728b)
Start importing Assets/fireball_material.mat using Guid(542e4493bdc17411793414684da207ff) Importer(815301076,1909f56bfc062723c751e8b465ee728b)  -> (artifact id: '8980e5eaa8c417a2ff044faab7236fe3') in 0.019314 seconds 
========================================================================
Received Import Request.
  Time since last request: 0.000307 seconds.
  path: Assets/ground_material.mat
  artifactKey: Guid(e7eb0fe816c944ffcb7cde039f84b560) Importer(815301076,1909f56bfc062723c751e8b465ee728b)
Start importing Assets/ground_material.mat using Guid(e7eb0fe816c944ffcb7cde039f84b560) Importer(815301076,1909f56bfc062723c751e8b465ee728b)  -> (artifact id: '7070a9b8f26363b1a0ac38afd08ffc2e') in 0.017517 seconds 
AssetImportWorkerClient::OnTransportError - code=2 error=End of file
